INFO:__main__:
	 found message to encrypt......
INFO:__main__:
	 started encrypting message......
INFO:__main__:
	 finished encrypting message......
INFO:__main__:
	 2024-05-08 21:29:02.103281 found message to encrypt......
INFO:__main__:
	 started encrypting message......
INFO:__main__:
	 finished encrypting message......
INFO:__main__:
	 2024-05-08 21:39:42.005694 found message to encrypt......
INFO:__main__:
	 2024-05-08 21:39:42.005694 started encrypting message......
INFO:__main__:
	 2024-05-08 21:39:42.005694 finished encrypting message......
INFO:__main__:
	 2024-05-08 21:39:42.005694 Encrypted message was witten to 'encrypted_message_file.txt'......
INFO:__main__:
	 2024-05-08 21:41:15.795476 found message to encrypt......
INFO:__main__:
	 2024-05-08 21:41:15.795476 started encrypting message......
INFO:__main__:
	 2024-05-08 21:41:15.795476 finished encrypting message......
INFO:__main__:
	 2024-05-08 21:41:15.795476 Encrypted message was witten to 'encrypted_message_file.txt'......
